Arguments: 
  C:\Program Files\nodejs\node.exe C:\Users\hp\AppData\Roaming\npm\node_modules\yarn\bin\yarn.js add multer

PATH: 
  D:\oracle\app\oracle\product\11.2.0\server\bin;C:\Program Files\Common Files\Oracle\Java\javapath;C:\windows\system32;C:\windows;C:\windows\System32\Wbem;C:\windows\System32\WindowsPowerShell\v1.0\;C:\windows\System32\OpenSSH\;C:\Program Files (x86)\NVIDIA Corporation\PhysX\Common;C:\Program Files\NVIDIA Corporation\NVIDIA NvDLISR;C:\Program Files\Git\cmd;C:\Program Files\nodejs\;C:\WINDOWS\system32;C:\WINDOWS;C:\WINDOWS\System32\Wbem;C:\WINDOWS\System32\WindowsPowerShell\v1.0\;C:\WINDOWS\System32\OpenSSH\;C:\ffmpeg\bin;C:\Windows\System32;C:\Users\hp\AppData\Local\Microsoft\WindowsApps;C:\src2\flutter\bin;C:\Users\hp\AppData\Roaming\npm;C:\Users\hp\AppData\Local\Programs\Microsoft VS Code\bin;C:\Program Files\MongoDB\Server\4.4\bin;C:\Program Files\Java\jdk-15.0.1\bin;C:\MinGW\bin;C:\ffmpeg\bin;C:\Windows\System32;

Yarn version: 
  1.22.5

Node version: 
  12.18.1

Platform: 
  win32 x64

Trace: 
  Error: EPERM: operation not permitted, unlink 'C:\Users\hp\Documents\node js\blogsite\api\node_modules\bcrypt\lib\binding\napi-v3\bcrypt_lib.node'

npm manifest: 
  {
    "name": "api",
    "version": "1.0.0",
    "description": "blog website backend",
    "main": "index.js",
    "scripts": {
      "test": "echo \"Error: no test specified\" && exit 1",
      "start": "node index.js"
    },
    "author": "",
    "license": "ISC",
    "dependencies": {
      "bcrypt": "^5.0.1",
      "dotenv": "^10.0.0",
      "express": "^4.17.1",
      "mongoose": "^5.12.15",
      "multer": "^1.4.2",
      "nodemon": "^2.0.7"
    }
  }

yarn manifest: 
  No manifest

Lockfile: 
  No lockfile
